[1.819s] Invoking command in '/home/benja/turtlebot3_ws/build/turtlebot3_teleop': PYTHONPATH=/home/benja/turtlebot3_ws/build/turtlebot3_teleop/prefix_override:/usr/lib/python3/dist-packages/colcon_core/task/python/colcon_distutils_commands:/home/benja/turtlebot3_ws/install/turtlebot3_teleop/lib/python3.10/site-packages:${PYTHONPATH} /usr/bin/python3 -W ignore:setup.py install is deprecated -W ignore:easy_install command is deprecated setup.py develop --editable --build-directory /home/benja/turtlebot3_ws/build/turtlebot3_teleop/build --no-deps symlink_data
[2.651s] running develop
[2.896s] running egg_info
[2.896s] creating turtlebot3_teleop.egg-info
[2.896s] writing turtlebot3_teleop.egg-info/PKG-INFO
[2.896s] writing dependency_links to turtlebot3_teleop.egg-info/dependency_links.txt
[2.897s] writing entry points to turtlebot3_teleop.egg-info/entry_points.txt
[2.897s] writing requirements to turtlebot3_teleop.egg-info/requires.txt
[2.897s] writing top-level names to turtlebot3_teleop.egg-info/top_level.txt
[2.897s] writing manifest file 'turtlebot3_teleop.egg-info/SOURCES.txt'
[2.900s] reading manifest file 'turtlebot3_teleop.egg-info/SOURCES.txt'
[2.901s] writing manifest file 'turtlebot3_teleop.egg-info/SOURCES.txt'
[2.902s] running build_ext
[2.902s] Creating /home/benja/turtlebot3_ws/install/turtlebot3_teleop/lib/python3.10/site-packages/turtlebot3-teleop.egg-link (link to .)
[2.904s] Installing teleop_keyboard script to /home/benja/turtlebot3_ws/install/turtlebot3_teleop/lib/turtlebot3_teleop
[2.904s] 
[2.904s] Installed /home/benja/turtlebot3_ws/build/turtlebot3_teleop
[2.904s] running symlink_data
[2.905s] creating /home/benja/turtlebot3_ws/install/turtlebot3_teleop/share/ament_index
[2.905s] creating /home/benja/turtlebot3_ws/install/turtlebot3_teleop/share/ament_index/resource_index
[2.905s] creating /home/benja/turtlebot3_ws/install/turtlebot3_teleop/share/ament_index/resource_index/packages
[2.905s] symbolically linking /home/benja/turtlebot3_ws/build/turtlebot3_teleop/resource/turtlebot3_teleop -> /home/benja/turtlebot3_ws/install/turtlebot3_teleop/share/ament_index/resource_index/packages
[2.905s] symbolically linking /home/benja/turtlebot3_ws/build/turtlebot3_teleop/package.xml -> /home/benja/turtlebot3_ws/install/turtlebot3_teleop/share/turtlebot3_teleop
[2.956s] Invoked command in '/home/benja/turtlebot3_ws/build/turtlebot3_teleop' returned '0': PYTHONPATH=/home/benja/turtlebot3_ws/build/turtlebot3_teleop/prefix_override:/usr/lib/python3/dist-packages/colcon_core/task/python/colcon_distutils_commands:/home/benja/turtlebot3_ws/install/turtlebot3_teleop/lib/python3.10/site-packages:${PYTHONPATH} /usr/bin/python3 -W ignore:setup.py install is deprecated -W ignore:easy_install command is deprecated setup.py develop --editable --build-directory /home/benja/turtlebot3_ws/build/turtlebot3_teleop/build --no-deps symlink_data
