[1.136s] Invoking command in '/home/benja/turtlebot3_ws/build/turtlebot3_fake_node': CMAKE_PREFIX_PATH=/home/benja/turtlebot3_ws/install/turtlebot3_msgs:/home/benja/turtlebot3_ws/install/turtlebot3:/home/benja/turtlebot3_ws/install/turtlebot3_simulations:/home/benja/turtlebot3_ws/install/turtlebot3_bringup:/home/benja/turtlebot3_ws/install/turtlebot3_node:/home/benja/turtlebot3_ws/install/turtlebot3_navigation2:/home/benja/turtlebot3_ws/install/turtlebot3_fake_node:/home/benja/turtlebot3_ws/install/turtlebot3_manipulation_gazebo:/home/benja/turtlebot3_ws/install/turtlebot3_gazebo:/home/benja/turtlebot3_ws/install/turtlebot3_description:/home/benja/turtlebot3_ws/install/turtlebot3_cartographer:/home/benja/turtlebot3_ws/install/dynamixel_sdk_examples:/home/benja/turtlebot3_ws/install/dynamixel_sdk_custom_interfaces:/home/benja/turtlebot3_ws/install/dynamixel_sdk:/home/benja/turtlebot3_ws/install/turtlebot3_teleop:/home/benja/turtlebot3_ws/install/turtlebot3_example:/opt/ros/humble LD_LIBRARY_PATH=/home/benja/turtlebot3_ws/install/turtlebot3_msgs/lib:/home/benja/turtlebot3_ws/install/dynamixel_sdk_custom_interfaces/lib:/home/benja/turtlebot3_ws/install/dynamixel_sdk/lib:/usr/lib/x86_64-linux-gnu/gazebo-11/plugins:/opt/ros/humble/opt/rviz_ogre_vendor/lib:/opt/ros/humble/lib/x86_64-linux-gnu:/opt/ros/humble/lib:/usr/lib/x86_64-linux-gnu/gazebo-11/plugins /usr/bin/cmake --build /home/benja/turtlebot3_ws/build/turtlebot3_fake_node -- -j12 -l12
[1.337s] [35m[1mConsolidate compiler generated dependencies of target turtlebot3_fake_node[0m
[1.451s] [100%] Built target turtlebot3_fake_node
[1.509s] Invoked command in '/home/benja/turtlebot3_ws/build/turtlebot3_fake_node' returned '0': CMAKE_PREFIX_PATH=/home/benja/turtlebot3_ws/install/turtlebot3_msgs:/home/benja/turtlebot3_ws/install/turtlebot3:/home/benja/turtlebot3_ws/install/turtlebot3_simulations:/home/benja/turtlebot3_ws/install/turtlebot3_bringup:/home/benja/turtlebot3_ws/install/turtlebot3_node:/home/benja/turtlebot3_ws/install/turtlebot3_navigation2:/home/benja/turtlebot3_ws/install/turtlebot3_fake_node:/home/benja/turtlebot3_ws/install/turtlebot3_manipulation_gazebo:/home/benja/turtlebot3_ws/install/turtlebot3_gazebo:/home/benja/turtlebot3_ws/install/turtlebot3_description:/home/benja/turtlebot3_ws/install/turtlebot3_cartographer:/home/benja/turtlebot3_ws/install/dynamixel_sdk_examples:/home/benja/turtlebot3_ws/install/dynamixel_sdk_custom_interfaces:/home/benja/turtlebot3_ws/install/dynamixel_sdk:/home/benja/turtlebot3_ws/install/turtlebot3_teleop:/home/benja/turtlebot3_ws/install/turtlebot3_example:/opt/ros/humble LD_LIBRARY_PATH=/home/benja/turtlebot3_ws/install/turtlebot3_msgs/lib:/home/benja/turtlebot3_ws/install/dynamixel_sdk_custom_interfaces/lib:/home/benja/turtlebot3_ws/install/dynamixel_sdk/lib:/usr/lib/x86_64-linux-gnu/gazebo-11/plugins:/opt/ros/humble/opt/rviz_ogre_vendor/lib:/opt/ros/humble/lib/x86_64-linux-gnu:/opt/ros/humble/lib:/usr/lib/x86_64-linux-gnu/gazebo-11/plugins /usr/bin/cmake --build /home/benja/turtlebot3_ws/build/turtlebot3_fake_node -- -j12 -l12
[1.515s] Invoking command in '/home/benja/turtlebot3_ws/build/turtlebot3_fake_node': CMAKE_PREFIX_PATH=/home/benja/turtlebot3_ws/install/turtlebot3_msgs:/home/benja/turtlebot3_ws/install/turtlebot3:/home/benja/turtlebot3_ws/install/turtlebot3_simulations:/home/benja/turtlebot3_ws/install/turtlebot3_bringup:/home/benja/turtlebot3_ws/install/turtlebot3_node:/home/benja/turtlebot3_ws/install/turtlebot3_navigation2:/home/benja/turtlebot3_ws/install/turtlebot3_fake_node:/home/benja/turtlebot3_ws/install/turtlebot3_manipulation_gazebo:/home/benja/turtlebot3_ws/install/turtlebot3_gazebo:/home/benja/turtlebot3_ws/install/turtlebot3_description:/home/benja/turtlebot3_ws/install/turtlebot3_cartographer:/home/benja/turtlebot3_ws/install/dynamixel_sdk_examples:/home/benja/turtlebot3_ws/install/dynamixel_sdk_custom_interfaces:/home/benja/turtlebot3_ws/install/dynamixel_sdk:/home/benja/turtlebot3_ws/install/turtlebot3_teleop:/home/benja/turtlebot3_ws/install/turtlebot3_example:/opt/ros/humble LD_LIBRARY_PATH=/home/benja/turtlebot3_ws/install/turtlebot3_msgs/lib:/home/benja/turtlebot3_ws/install/dynamixel_sdk_custom_interfaces/lib:/home/benja/turtlebot3_ws/install/dynamixel_sdk/lib:/usr/lib/x86_64-linux-gnu/gazebo-11/plugins:/opt/ros/humble/opt/rviz_ogre_vendor/lib:/opt/ros/humble/lib/x86_64-linux-gnu:/opt/ros/humble/lib:/usr/lib/x86_64-linux-gnu/gazebo-11/plugins /usr/bin/cmake --install /home/benja/turtlebot3_ws/build/turtlebot3_fake_node
[1.554s] -- Install configuration: ""
[1.557s] -- Execute custom install script
[1.563s] -- Up-to-date symlink: /home/benja/turtlebot3_ws/install/turtlebot3_fake_node/lib/turtlebot3_fake_node/turtlebot3_fake_node
[1.563s] -- Up-to-date symlink: /home/benja/turtlebot3_ws/install/turtlebot3_fake_node/share/turtlebot3_fake_node/launch/rviz2.launch.py
[1.564s] -- Up-to-date symlink: /home/benja/turtlebot3_ws/install/turtlebot3_fake_node/share/turtlebot3_fake_node/launch/turtlebot3_fake_node.launch.py
[1.564s] -- Up-to-date symlink: /home/benja/turtlebot3_ws/install/turtlebot3_fake_node/share/turtlebot3_fake_node/param/burger.yaml
[1.565s] -- Up-to-date symlink: /home/benja/turtlebot3_ws/install/turtlebot3_fake_node/share/turtlebot3_fake_node/param/waffle.yaml
[1.565s] -- Up-to-date symlink: /home/benja/turtlebot3_ws/install/turtlebot3_fake_node/share/turtlebot3_fake_node/param/waffle_pi.yaml
[1.565s] -- Up-to-date symlink: /home/benja/turtlebot3_ws/install/turtlebot3_fake_node/include//turtlebot3_fake_node/turtlebot3_fake_node.hpp
[1.567s] -- Up-to-date symlink: /home/benja/turtlebot3_ws/install/turtlebot3_fake_node/share/ament_index/resource_index/package_run_dependencies/turtlebot3_fake_node
[1.567s] -- Up-to-date symlink: /home/benja/turtlebot3_ws/install/turtlebot3_fake_node/share/ament_index/resource_index/parent_prefix_path/turtlebot3_fake_node
[1.568s] -- Up-to-date symlink: /home/benja/turtlebot3_ws/install/turtlebot3_fake_node/share/turtlebot3_fake_node/environment/ament_prefix_path.sh
[1.569s] -- Up-to-date symlink: /home/benja/turtlebot3_ws/install/turtlebot3_fake_node/share/turtlebot3_fake_node/environment/ament_prefix_path.dsv
[1.571s] -- Up-to-date symlink: /home/benja/turtlebot3_ws/install/turtlebot3_fake_node/share/turtlebot3_fake_node/environment/path.sh
[1.572s] -- Up-to-date symlink: /home/benja/turtlebot3_ws/install/turtlebot3_fake_node/share/turtlebot3_fake_node/environment/path.dsv
[1.573s] -- Up-to-date symlink: /home/benja/turtlebot3_ws/install/turtlebot3_fake_node/share/turtlebot3_fake_node/local_setup.bash
[1.575s] -- Up-to-date symlink: /home/benja/turtlebot3_ws/install/turtlebot3_fake_node/share/turtlebot3_fake_node/local_setup.sh
[1.575s] -- Up-to-date symlink: /home/benja/turtlebot3_ws/install/turtlebot3_fake_node/share/turtlebot3_fake_node/local_setup.zsh
[1.576s] -- Up-to-date symlink: /home/benja/turtlebot3_ws/install/turtlebot3_fake_node/share/turtlebot3_fake_node/local_setup.dsv
[1.576s] -- Symlinking: /home/benja/turtlebot3_ws/install/turtlebot3_fake_node/share/turtlebot3_fake_node/package.dsv
[1.625s] -- Up-to-date symlink: /home/benja/turtlebot3_ws/install/turtlebot3_fake_node/share/ament_index/resource_index/packages/turtlebot3_fake_node
[1.627s] -- Up-to-date symlink: /home/benja/turtlebot3_ws/install/turtlebot3_fake_node/share/turtlebot3_fake_node/cmake/ament_cmake_export_include_directories-extras.cmake
[1.628s] -- Up-to-date symlink: /home/benja/turtlebot3_ws/install/turtlebot3_fake_node/share/turtlebot3_fake_node/cmake/ament_cmake_export_dependencies-extras.cmake
[1.628s] -- Up-to-date symlink: /home/benja/turtlebot3_ws/install/turtlebot3_fake_node/share/turtlebot3_fake_node/cmake/turtlebot3_fake_nodeConfig.cmake
[1.629s] -- Up-to-date symlink: /home/benja/turtlebot3_ws/install/turtlebot3_fake_node/share/turtlebot3_fake_node/cmake/turtlebot3_fake_nodeConfig-version.cmake
[1.631s] -- Up-to-date symlink: /home/benja/turtlebot3_ws/install/turtlebot3_fake_node/share/turtlebot3_fake_node/package.xml
[1.706s] Invoked command in '/home/benja/turtlebot3_ws/build/turtlebot3_fake_node' returned '0': CMAKE_PREFIX_PATH=/home/benja/turtlebot3_ws/install/turtlebot3_msgs:/home/benja/turtlebot3_ws/install/turtlebot3:/home/benja/turtlebot3_ws/install/turtlebot3_simulations:/home/benja/turtlebot3_ws/install/turtlebot3_bringup:/home/benja/turtlebot3_ws/install/turtlebot3_node:/home/benja/turtlebot3_ws/install/turtlebot3_navigation2:/home/benja/turtlebot3_ws/install/turtlebot3_fake_node:/home/benja/turtlebot3_ws/install/turtlebot3_manipulation_gazebo:/home/benja/turtlebot3_ws/install/turtlebot3_gazebo:/home/benja/turtlebot3_ws/install/turtlebot3_description:/home/benja/turtlebot3_ws/install/turtlebot3_cartographer:/home/benja/turtlebot3_ws/install/dynamixel_sdk_examples:/home/benja/turtlebot3_ws/install/dynamixel_sdk_custom_interfaces:/home/benja/turtlebot3_ws/install/dynamixel_sdk:/home/benja/turtlebot3_ws/install/turtlebot3_teleop:/home/benja/turtlebot3_ws/install/turtlebot3_example:/opt/ros/humble LD_LIBRARY_PATH=/home/benja/turtlebot3_ws/install/turtlebot3_msgs/lib:/home/benja/turtlebot3_ws/install/dynamixel_sdk_custom_interfaces/lib:/home/benja/turtlebot3_ws/install/dynamixel_sdk/lib:/usr/lib/x86_64-linux-gnu/gazebo-11/plugins:/opt/ros/humble/opt/rviz_ogre_vendor/lib:/opt/ros/humble/lib/x86_64-linux-gnu:/opt/ros/humble/lib:/usr/lib/x86_64-linux-gnu/gazebo-11/plugins /usr/bin/cmake --install /home/benja/turtlebot3_ws/build/turtlebot3_fake_node
