[0.011s] Invoking command in '/home/benja/turtlebot3_ws/build/turtlebot3_node': AMENT_PREFIX_PATH=/home/benja/turtlebot3_ws/install/turtlebot3_msgs:/home/benja/turtlebot3_ws/install/dynamixel_sdk:${AMENT_PREFIX_PATH} CMAKE_PREFIX_PATH=/home/benja/turtlebot3_ws/install/turtlebot3_msgs:/home/benja/turtlebot3_ws/install/dynamixel_sdk:/opt/ros/humble LD_LIBRARY_PATH=/home/benja/turtlebot3_ws/install/turtlebot3_msgs/lib:/home/benja/turtlebot3_ws/install/dynamixel_sdk/lib:${LD_LIBRARY_PATH} PYTHONPATH=/home/benja/turtlebot3_ws/install/turtlebot3_msgs/local/lib/python3.10/dist-packages:/home/benja/turtlebot3_ws/install/dynamixel_sdk/local/lib/python3.10/dist-packages:${PYTHONPATH} /usr/bin/cmake /home/benja/turtlebot3_ws/src/turtlebot3/turtlebot3_node -DAMENT_CMAKE_SYMLINK_INSTALL=1 -DCMAKE_INSTALL_PREFIX=/home/benja/turtlebot3_ws/install/turtlebot3_node
[0.061s] -- The C compiler identification is GNU 11.4.0
[0.114s] -- The CXX compiler identification is GNU 11.4.0
[0.120s] -- Detecting C compiler ABI info
[0.185s] -- Detecting C compiler ABI info - done
[0.192s] -- Check for working C compiler: /usr/bin/cc - skipped
[0.192s] -- Detecting C compile features
[0.193s] -- Detecting C compile features - done
[0.195s] -- Detecting CXX compiler ABI info
[0.272s] -- Detecting CXX compiler ABI info - done
[0.279s] -- Check for working CXX compiler: /usr/bin/c++ - skipped
[0.279s] -- Detecting CXX compile features
[0.280s] -- Detecting CXX compile features - done
[0.282s] -- Found ament_cmake: 1.3.14 (/opt/ros/humble/share/ament_cmake/cmake)
[0.426s] -- Found Python3: /usr/bin/python3 (found version "3.10.12") found components: Interpreter 
[0.488s] -- Override CMake install command with custom implementation using symlinks instead of copying resources
[0.516s] -- Found dynamixel_sdk: 4.0.5 (/home/benja/turtlebot3_ws/install/dynamixel_sdk/share/dynamixel_sdk/cmake)
[0.519s] -- Found geometry_msgs: 4.9.1 (/opt/ros/humble/share/geometry_msgs/cmake)
[0.557s] -- Found rosidl_generator_c: 3.1.8 (/opt/ros/humble/share/rosidl_generator_c/cmake)
[0.562s] -- Found rosidl_adapter: 3.1.8 (/opt/ros/humble/share/rosidl_adapter/cmake)
[0.571s] -- Found rosidl_generator_cpp: 3.1.8 (/opt/ros/humble/share/rosidl_generator_cpp/cmake)
[0.584s] -- Using all available rosidl_typesupport_c: rosidl_typesupport_fastrtps_c;rosidl_typesupport_introspection_c
[0.601s] -- Using all available rosidl_typesupport_cpp: rosidl_typesupport_fastrtps_cpp;rosidl_typesupport_introspection_cpp
[0.642s] -- Found message_filters: 4.3.16 (/opt/ros/humble/share/message_filters/cmake)
[0.686s] -- Found rmw_implementation_cmake: 6.1.2 (/opt/ros/humble/share/rmw_implementation_cmake/cmake)
[0.689s] -- Found rmw_fastrtps_cpp: 6.2.10 (/opt/ros/humble/share/rmw_fastrtps_cpp/cmake)
[0.777s] -- Found OpenSSL: /usr/lib/x86_64-linux-gnu/libcrypto.so (found version "3.0.2")  
[0.805s] -- Found FastRTPS: /opt/ros/humble/include  
[0.848s] -- Using RMW implementation 'rmw_fastrtps_cpp' as default
[0.857s] -- Looking for pthread.h
[0.930s] -- Looking for pthread.h - found
[0.930s] -- Performing Test CMAKE_HAVE_LIBC_PTHREAD
[1.002s] -- Performing Test CMAKE_HAVE_LIBC_PTHREAD - Success
[1.003s] -- Found Threads: TRUE  
[1.045s] -- Found nav_msgs: 4.9.1 (/opt/ros/humble/share/nav_msgs/cmake)
[1.064s] -- Found sensor_msgs: 4.9.1 (/opt/ros/humble/share/sensor_msgs/cmake)
[1.083s] -- Found std_srvs: 4.9.1 (/opt/ros/humble/share/std_srvs/cmake)
[1.095s] -- Found tf2: 0.25.20 (/opt/ros/humble/share/tf2/cmake)
[1.106s] -- Found tf2_ros: 0.25.20 (/opt/ros/humble/share/tf2_ros/cmake)
[1.194s] -- Found turtlebot3_msgs: 2.4.0 (/home/benja/turtlebot3_ws/install/turtlebot3_msgs/share/turtlebot3_msgs/cmake)
[1.283s] -- Configuring done
[1.302s] -- Generating done
[1.308s] -- Build files have been written to: /home/benja/turtlebot3_ws/build/turtlebot3_node
[1.319s] Invoked command in '/home/benja/turtlebot3_ws/build/turtlebot3_node' returned '0': AMENT_PREFIX_PATH=/home/benja/turtlebot3_ws/install/turtlebot3_msgs:/home/benja/turtlebot3_ws/install/dynamixel_sdk:${AMENT_PREFIX_PATH} CMAKE_PREFIX_PATH=/home/benja/turtlebot3_ws/install/turtlebot3_msgs:/home/benja/turtlebot3_ws/install/dynamixel_sdk:/opt/ros/humble LD_LIBRARY_PATH=/home/benja/turtlebot3_ws/install/turtlebot3_msgs/lib:/home/benja/turtlebot3_ws/install/dynamixel_sdk/lib:${LD_LIBRARY_PATH} PYTHONPATH=/home/benja/turtlebot3_ws/install/turtlebot3_msgs/local/lib/python3.10/dist-packages:/home/benja/turtlebot3_ws/install/dynamixel_sdk/local/lib/python3.10/dist-packages:${PYTHONPATH} /usr/bin/cmake /home/benja/turtlebot3_ws/src/turtlebot3/turtlebot3_node -DAMENT_CMAKE_SYMLINK_INSTALL=1 -DCMAKE_INSTALL_PREFIX=/home/benja/turtlebot3_ws/install/turtlebot3_node
[1.320s] Invoking command in '/home/benja/turtlebot3_ws/build/turtlebot3_node': AMENT_PREFIX_PATH=/home/benja/turtlebot3_ws/install/turtlebot3_msgs:/home/benja/turtlebot3_ws/install/dynamixel_sdk:${AMENT_PREFIX_PATH} CMAKE_PREFIX_PATH=/home/benja/turtlebot3_ws/install/turtlebot3_msgs:/home/benja/turtlebot3_ws/install/dynamixel_sdk:/opt/ros/humble LD_LIBRARY_PATH=/home/benja/turtlebot3_ws/install/turtlebot3_msgs/lib:/home/benja/turtlebot3_ws/install/dynamixel_sdk/lib:${LD_LIBRARY_PATH} PYTHONPATH=/home/benja/turtlebot3_ws/install/turtlebot3_msgs/local/lib/python3.10/dist-packages:/home/benja/turtlebot3_ws/install/dynamixel_sdk/local/lib/python3.10/dist-packages:${PYTHONPATH} /usr/bin/cmake --build /home/benja/turtlebot3_ws/build/turtlebot3_node -- -j12 -l12
[1.377s] [ 14%] [32mBuilding CXX object CMakeFiles/turtlebot3_node_lib.dir/src/diff_drive_controller.cpp.o[0m
[1.377s] [ 21%] [32mBuilding CXX object CMakeFiles/turtlebot3_node_lib.dir/src/dynamixel_sdk_wrapper.cpp.o[0m
[1.378s] [ 28%] [32mBuilding CXX object CMakeFiles/turtlebot3_node_lib.dir/src/devices/reset.cpp.o[0m
[1.379s] [ 14%] [32mBuilding CXX object CMakeFiles/turtlebot3_node_lib.dir/src/devices/sound.cpp.o[0m
[1.379s] [ 42%] [32mBuilding CXX object CMakeFiles/turtlebot3_node_lib.dir/src/sensors/battery_state.cpp.o[0m
[1.379s] [ 42%] [32mBuilding CXX object CMakeFiles/turtlebot3_node_lib.dir/src/sensors/imu.cpp.o[0m
[1.379s] [ 57%] [32mBuilding CXX object CMakeFiles/turtlebot3_node_lib.dir/src/odometry.cpp.o[0m
[1.379s] [ 57%] [32mBuilding CXX object CMakeFiles/turtlebot3_node_lib.dir/src/turtlebot3.cpp.o[0m
[1.382s] [ 64%] [32mBuilding CXX object CMakeFiles/turtlebot3_node_lib.dir/src/devices/motor_power.cpp.o[0m
[1.384s] [ 71%] [32mBuilding CXX object CMakeFiles/turtlebot3_node_lib.dir/src/sensors/joint_state.cpp.o[0m
[1.394s] [ 78%] [32mBuilding CXX object CMakeFiles/turtlebot3_node_lib.dir/src/sensors/sensor_state.cpp.o[0m
[20.120s] [ 85%] [32m[1mLinking CXX static library libturtlebot3_node_lib.a[0m
[20.631s] [ 85%] Built target turtlebot3_node_lib
[20.650s] [ 92%] [32mBuilding CXX object CMakeFiles/turtlebot3_ros.dir/src/node_main.cpp.o[0m
[23.771s] [100%] [32m[1mLinking CXX executable turtlebot3_ros[0m
[25.573s] [100%] Built target turtlebot3_ros
[25.583s] Invoked command in '/home/benja/turtlebot3_ws/build/turtlebot3_node' returned '0': AMENT_PREFIX_PATH=/home/benja/turtlebot3_ws/install/turtlebot3_msgs:/home/benja/turtlebot3_ws/install/dynamixel_sdk:${AMENT_PREFIX_PATH} CMAKE_PREFIX_PATH=/home/benja/turtlebot3_ws/install/turtlebot3_msgs:/home/benja/turtlebot3_ws/install/dynamixel_sdk:/opt/ros/humble LD_LIBRARY_PATH=/home/benja/turtlebot3_ws/install/turtlebot3_msgs/lib:/home/benja/turtlebot3_ws/install/dynamixel_sdk/lib:${LD_LIBRARY_PATH} PYTHONPATH=/home/benja/turtlebot3_ws/install/turtlebot3_msgs/local/lib/python3.10/dist-packages:/home/benja/turtlebot3_ws/install/dynamixel_sdk/local/lib/python3.10/dist-packages:${PYTHONPATH} /usr/bin/cmake --build /home/benja/turtlebot3_ws/build/turtlebot3_node -- -j12 -l12
[25.584s] Invoking command in '/home/benja/turtlebot3_ws/build/turtlebot3_node': AMENT_PREFIX_PATH=/home/benja/turtlebot3_ws/install/turtlebot3_msgs:/home/benja/turtlebot3_ws/install/dynamixel_sdk:${AMENT_PREFIX_PATH} CMAKE_PREFIX_PATH=/home/benja/turtlebot3_ws/install/turtlebot3_msgs:/home/benja/turtlebot3_ws/install/dynamixel_sdk:/opt/ros/humble LD_LIBRARY_PATH=/home/benja/turtlebot3_ws/install/turtlebot3_msgs/lib:/home/benja/turtlebot3_ws/install/dynamixel_sdk/lib:${LD_LIBRARY_PATH} PYTHONPATH=/home/benja/turtlebot3_ws/install/turtlebot3_msgs/local/lib/python3.10/dist-packages:/home/benja/turtlebot3_ws/install/dynamixel_sdk/local/lib/python3.10/dist-packages:${PYTHONPATH} /usr/bin/cmake --install /home/benja/turtlebot3_ws/build/turtlebot3_node
[25.591s] -- Install configuration: ""
[25.591s] -- Execute custom install script
[25.592s] -- Symlinking: /home/benja/turtlebot3_ws/install/turtlebot3_node/share/turtlebot3_node/param/burger.yaml
[25.600s] -- Symlinking: /home/benja/turtlebot3_ws/install/turtlebot3_node/share/turtlebot3_node/param/waffle.yaml
[25.607s] -- Symlinking: /home/benja/turtlebot3_ws/install/turtlebot3_node/share/turtlebot3_node/param/waffle_pi.yaml
[25.615s] -- Symlinking: /home/benja/turtlebot3_ws/install/turtlebot3_node/lib/turtlebot3_node/turtlebot3_ros
[25.623s] -- Symlinking: /home/benja/turtlebot3_ws/install/turtlebot3_node/share/ament_index/resource_index/package_run_dependencies/turtlebot3_node
[25.630s] -- Symlinking: /home/benja/turtlebot3_ws/install/turtlebot3_node/share/ament_index/resource_index/parent_prefix_path/turtlebot3_node
[25.638s] -- Symlinking: /home/benja/turtlebot3_ws/install/turtlebot3_node/share/turtlebot3_node/environment/ament_prefix_path.sh
[25.645s] -- Symlinking: /home/benja/turtlebot3_ws/install/turtlebot3_node/share/turtlebot3_node/environment/ament_prefix_path.dsv
[25.653s] -- Symlinking: /home/benja/turtlebot3_ws/install/turtlebot3_node/share/turtlebot3_node/environment/path.sh
[25.661s] -- Symlinking: /home/benja/turtlebot3_ws/install/turtlebot3_node/share/turtlebot3_node/environment/path.dsv
[25.669s] -- Symlinking: /home/benja/turtlebot3_ws/install/turtlebot3_node/share/turtlebot3_node/local_setup.bash
[25.677s] -- Symlinking: /home/benja/turtlebot3_ws/install/turtlebot3_node/share/turtlebot3_node/local_setup.sh
[25.684s] -- Symlinking: /home/benja/turtlebot3_ws/install/turtlebot3_node/share/turtlebot3_node/local_setup.zsh
[25.692s] -- Symlinking: /home/benja/turtlebot3_ws/install/turtlebot3_node/share/turtlebot3_node/local_setup.dsv
[25.700s] -- Symlinking: /home/benja/turtlebot3_ws/install/turtlebot3_node/share/turtlebot3_node/package.dsv
[25.707s] -- Symlinking: /home/benja/turtlebot3_ws/install/turtlebot3_node/share/ament_index/resource_index/packages/turtlebot3_node
[25.715s] -- Symlinking: /home/benja/turtlebot3_ws/install/turtlebot3_node/share/turtlebot3_node/cmake/ament_cmake_export_dependencies-extras.cmake
[25.722s] -- Symlinking: /home/benja/turtlebot3_ws/install/turtlebot3_node/share/turtlebot3_node/cmake/ament_cmake_export_include_directories-extras.cmake
[25.730s] -- Symlinking: /home/benja/turtlebot3_ws/install/turtlebot3_node/share/turtlebot3_node/cmake/turtlebot3_nodeConfig.cmake
[25.737s] -- Symlinking: /home/benja/turtlebot3_ws/install/turtlebot3_node/share/turtlebot3_node/cmake/turtlebot3_nodeConfig-version.cmake
[25.745s] -- Symlinking: /home/benja/turtlebot3_ws/install/turtlebot3_node/share/turtlebot3_node/package.xml
[25.755s] Invoked command in '/home/benja/turtlebot3_ws/build/turtlebot3_node' returned '0': AMENT_PREFIX_PATH=/home/benja/turtlebot3_ws/install/turtlebot3_msgs:/home/benja/turtlebot3_ws/install/dynamixel_sdk:${AMENT_PREFIX_PATH} CMAKE_PREFIX_PATH=/home/benja/turtlebot3_ws/install/turtlebot3_msgs:/home/benja/turtlebot3_ws/install/dynamixel_sdk:/opt/ros/humble LD_LIBRARY_PATH=/home/benja/turtlebot3_ws/install/turtlebot3_msgs/lib:/home/benja/turtlebot3_ws/install/dynamixel_sdk/lib:${LD_LIBRARY_PATH} PYTHONPATH=/home/benja/turtlebot3_ws/install/turtlebot3_msgs/local/lib/python3.10/dist-packages:/home/benja/turtlebot3_ws/install/dynamixel_sdk/local/lib/python3.10/dist-packages:${PYTHONPATH} /usr/bin/cmake --install /home/benja/turtlebot3_ws/build/turtlebot3_node
