[0.901s] Invoking command in '/home/benja/turtlebot3_ws/build/turtlebot3_example': AMENT_PREFIX_PATH=/home/benja/turtlebot3_ws/install/turtlebot3_msgs:${AMENT_PREFIX_PATH} CMAKE_PREFIX_PATH=/home/benja/turtlebot3_ws/install/turtlebot3_msgs LD_LIBRARY_PATH=/home/benja/turtlebot3_ws/install/turtlebot3_msgs/lib:${LD_LIBRARY_PATH} PYTHONPATH=/home/benja/turtlebot3_ws/build/turtlebot3_example/prefix_override:/usr/lib/python3/dist-packages/colcon_core/task/python/colcon_distutils_commands:/home/benja/turtlebot3_ws/install/turtlebot3_example/lib/python3.10/site-packages:/home/benja/turtlebot3_ws/install/turtlebot3_msgs/local/lib/python3.10/dist-packages:${PYTHONPATH} /usr/bin/python3 -W ignore:setup.py install is deprecated -W ignore:easy_install command is deprecated setup.py develop --editable --build-directory /home/benja/turtlebot3_ws/build/turtlebot3_example/build --no-deps symlink_data
[1.165s] running develop
[1.335s] running egg_info
[1.335s] creating turtlebot3_example.egg-info
[1.335s] writing turtlebot3_example.egg-info/PKG-INFO
[1.336s] writing dependency_links to turtlebot3_example.egg-info/dependency_links.txt
[1.336s] writing entry points to turtlebot3_example.egg-info/entry_points.txt
[1.336s] writing requirements to turtlebot3_example.egg-info/requires.txt
[1.336s] writing top-level names to turtlebot3_example.egg-info/top_level.txt
[1.336s] writing manifest file 'turtlebot3_example.egg-info/SOURCES.txt'
[1.338s] reading manifest file 'turtlebot3_example.egg-info/SOURCES.txt'
[1.339s] writing manifest file 'turtlebot3_example.egg-info/SOURCES.txt'
[1.340s] running build_ext
[1.340s] Creating /home/benja/turtlebot3_ws/install/turtlebot3_example/lib/python3.10/site-packages/turtlebot3-example.egg-link (link to .)
[1.341s] Installing turtlebot3_absolute_move script to /home/benja/turtlebot3_ws/install/turtlebot3_example/lib/turtlebot3_example
[1.341s] Installing turtlebot3_interactive_marker script to /home/benja/turtlebot3_ws/install/turtlebot3_example/lib/turtlebot3_example
[1.341s] Installing turtlebot3_obstacle_detection script to /home/benja/turtlebot3_ws/install/turtlebot3_example/lib/turtlebot3_example
[1.341s] Installing turtlebot3_patrol_client script to /home/benja/turtlebot3_ws/install/turtlebot3_example/lib/turtlebot3_example
[1.341s] Installing turtlebot3_patrol_server script to /home/benja/turtlebot3_ws/install/turtlebot3_example/lib/turtlebot3_example
[1.341s] Installing turtlebot3_relative_move script to /home/benja/turtlebot3_ws/install/turtlebot3_example/lib/turtlebot3_example
[1.341s] 
[1.341s] Installed /home/benja/turtlebot3_ws/build/turtlebot3_example
[1.342s] running symlink_data
[1.342s] creating /home/benja/turtlebot3_ws/install/turtlebot3_example/share/ament_index
[1.342s] creating /home/benja/turtlebot3_ws/install/turtlebot3_example/share/ament_index/resource_index
[1.342s] creating /home/benja/turtlebot3_ws/install/turtlebot3_example/share/ament_index/resource_index/packages
[1.342s] symbolically linking /home/benja/turtlebot3_ws/build/turtlebot3_example/resource/turtlebot3_example -> /home/benja/turtlebot3_ws/install/turtlebot3_example/share/ament_index/resource_index/packages
[1.342s] symbolically linking /home/benja/turtlebot3_ws/build/turtlebot3_example/package.xml -> /home/benja/turtlebot3_ws/install/turtlebot3_example/share/turtlebot3_example
[1.391s] Invoked command in '/home/benja/turtlebot3_ws/build/turtlebot3_example' returned '0': AMENT_PREFIX_PATH=/home/benja/turtlebot3_ws/install/turtlebot3_msgs:${AMENT_PREFIX_PATH} CMAKE_PREFIX_PATH=/home/benja/turtlebot3_ws/install/turtlebot3_msgs LD_LIBRARY_PATH=/home/benja/turtlebot3_ws/install/turtlebot3_msgs/lib:${LD_LIBRARY_PATH} PYTHONPATH=/home/benja/turtlebot3_ws/build/turtlebot3_example/prefix_override:/usr/lib/python3/dist-packages/colcon_core/task/python/colcon_distutils_commands:/home/benja/turtlebot3_ws/install/turtlebot3_example/lib/python3.10/site-packages:/home/benja/turtlebot3_ws/install/turtlebot3_msgs/local/lib/python3.10/dist-packages:${PYTHONPATH} /usr/bin/python3 -W ignore:setup.py install is deprecated -W ignore:easy_install command is deprecated setup.py develop --editable --build-directory /home/benja/turtlebot3_ws/build/turtlebot3_example/build --no-deps symlink_data
