[0.128s] Invoking command in '/home/benja/turtlebot3_ws/build/turtlebot3_manipulation_gazebo': CMAKE_PREFIX_PATH=${CMAKE_PREFIX_PATH}:/home/benja/turtlebot3_ws/install/turtlebot3_teleop:/home/benja/turtlebot3_ws/install/turtlebot3_example:/opt/ros/humble /usr/bin/cmake --build /home/benja/turtlebot3_ws/build/turtlebot3_manipulation_gazebo -- -j12 -l12
[2.346s] Invoked command in '/home/benja/turtlebot3_ws/build/turtlebot3_manipulation_gazebo' returned '0': CMAKE_PREFIX_PATH=${CMAKE_PREFIX_PATH}:/home/benja/turtlebot3_ws/install/turtlebot3_teleop:/home/benja/turtlebot3_ws/install/turtlebot3_example:/opt/ros/humble /usr/bin/cmake --build /home/benja/turtlebot3_ws/build/turtlebot3_manipulation_gazebo -- -j12 -l12
[2.356s] Invoking command in '/home/benja/turtlebot3_ws/build/turtlebot3_manipulation_gazebo': CMAKE_PREFIX_PATH=${CMAKE_PREFIX_PATH}:/home/benja/turtlebot3_ws/install/turtlebot3_teleop:/home/benja/turtlebot3_ws/install/turtlebot3_example:/opt/ros/humble /usr/bin/cmake --install /home/benja/turtlebot3_ws/build/turtlebot3_manipulation_gazebo
[2.504s] -- Install configuration: ""
[2.505s] -- Execute custom install script
[2.505s] -- Up-to-date symlink: /home/benja/turtlebot3_ws/install/turtlebot3_manipulation_gazebo/share/turtlebot3_manipulation_gazebo/config/gazebo_controller_manager.yaml
[2.506s] -- Up-to-date symlink: /home/benja/turtlebot3_ws/install/turtlebot3_manipulation_gazebo/share/turtlebot3_manipulation_gazebo/config/hardware_controller_manager.yaml
[2.506s] -- Up-to-date symlink: /home/benja/turtlebot3_ws/install/turtlebot3_manipulation_gazebo/share/turtlebot3_manipulation_gazebo/gazebo/materials.xacro
[2.506s] -- Up-to-date symlink: /home/benja/turtlebot3_ws/install/turtlebot3_manipulation_gazebo/share/turtlebot3_manipulation_gazebo/gazebo/open_manipulator_x.gazebo.xacro
[2.506s] -- Up-to-date symlink: /home/benja/turtlebot3_ws/install/turtlebot3_manipulation_gazebo/share/turtlebot3_manipulation_gazebo/gazebo/turtlebot3_waffle_pi.gazebo.xacro
[2.507s] -- Up-to-date symlink: /home/benja/turtlebot3_ws/install/turtlebot3_manipulation_gazebo/share/turtlebot3_manipulation_gazebo/launch/base.launch.py
[2.508s] -- Up-to-date symlink: /home/benja/turtlebot3_ws/install/turtlebot3_manipulation_gazebo/share/turtlebot3_manipulation_gazebo/launch/fake.launch.py
[2.510s] -- Up-to-date symlink: /home/benja/turtlebot3_ws/install/turtlebot3_manipulation_gazebo/share/turtlebot3_manipulation_gazebo/launch/gazebo.launch.py
[2.512s] -- Up-to-date symlink: /home/benja/turtlebot3_ws/install/turtlebot3_manipulation_gazebo/share/turtlebot3_manipulation_gazebo/launch/turtlebot3_home_service_challenge.launch.py
[2.513s] -- Up-to-date symlink: /home/benja/turtlebot3_ws/install/turtlebot3_manipulation_gazebo/share/turtlebot3_manipulation_gazebo/ros2_control/turtlebot3_manipulation_system.ros2_control.xacro
[2.513s] -- Up-to-date symlink: /home/benja/turtlebot3_ws/install/turtlebot3_manipulation_gazebo/share/turtlebot3_manipulation_gazebo/rviz/turtlebot3_manipulation.rviz
[2.514s] -- Up-to-date symlink: /home/benja/turtlebot3_ws/install/turtlebot3_manipulation_gazebo/share/turtlebot3_manipulation_gazebo/urdf/open_manipulator_x.urdf.xacro
[2.514s] -- Up-to-date symlink: /home/benja/turtlebot3_ws/install/turtlebot3_manipulation_gazebo/share/turtlebot3_manipulation_gazebo/urdf/turtlebot3_manipulation.urdf.xacro
[2.514s] -- Up-to-date symlink: /home/benja/turtlebot3_ws/install/turtlebot3_manipulation_gazebo/share/turtlebot3_manipulation_gazebo/urdf/turtlebot3_waffle_pi.urdf.xacro
[2.516s] -- Up-to-date symlink: /home/benja/turtlebot3_ws/install/turtlebot3_manipulation_gazebo/share/turtlebot3_manipulation_gazebo/worlds/turtlebot3_home_service_challenge.world
[2.517s] -- Up-to-date symlink: /home/benja/turtlebot3_ws/install/turtlebot3_manipulation_gazebo/share/turtlebot3_manipulation_gazebo/models/turtlebot3_home_service_challenge/marker0/materials/textures/Marker0.png
[2.518s] -- Up-to-date symlink: /home/benja/turtlebot3_ws/install/turtlebot3_manipulation_gazebo/share/turtlebot3_manipulation_gazebo/models/turtlebot3_home_service_challenge/marker0/meshes/Marker0.dae
[2.520s] -- Up-to-date symlink: /home/benja/turtlebot3_ws/install/turtlebot3_manipulation_gazebo/share/turtlebot3_manipulation_gazebo/models/turtlebot3_home_service_challenge/marker0/model-1_4.sdf
[2.522s] -- Up-to-date symlink: /home/benja/turtlebot3_ws/install/turtlebot3_manipulation_gazebo/share/turtlebot3_manipulation_gazebo/models/turtlebot3_home_service_challenge/marker0/model-1_5.sdf
[2.522s] -- Up-to-date symlink: /home/benja/turtlebot3_ws/install/turtlebot3_manipulation_gazebo/share/turtlebot3_manipulation_gazebo/models/turtlebot3_home_service_challenge/marker0/model.config
[2.529s] -- Up-to-date symlink: /home/benja/turtlebot3_ws/install/turtlebot3_manipulation_gazebo/share/turtlebot3_manipulation_gazebo/models/turtlebot3_home_service_challenge/marker0/model.sdf
[2.529s] -- Up-to-date symlink: /home/benja/turtlebot3_ws/install/turtlebot3_manipulation_gazebo/share/turtlebot3_manipulation_gazebo/models/turtlebot3_home_service_challenge/marker1/materials/textures/Marker1.png
[2.531s] -- Up-to-date symlink: /home/benja/turtlebot3_ws/install/turtlebot3_manipulation_gazebo/share/turtlebot3_manipulation_gazebo/models/turtlebot3_home_service_challenge/marker1/meshes/Marker1.dae
[2.532s] -- Up-to-date symlink: /home/benja/turtlebot3_ws/install/turtlebot3_manipulation_gazebo/share/turtlebot3_manipulation_gazebo/models/turtlebot3_home_service_challenge/marker1/model-1_4.sdf
[2.532s] -- Up-to-date symlink: /home/benja/turtlebot3_ws/install/turtlebot3_manipulation_gazebo/share/turtlebot3_manipulation_gazebo/models/turtlebot3_home_service_challenge/marker1/model-1_5.sdf
[2.532s] -- Up-to-date symlink: /home/benja/turtlebot3_ws/install/turtlebot3_manipulation_gazebo/share/turtlebot3_manipulation_gazebo/models/turtlebot3_home_service_challenge/marker1/model.config
[2.533s] -- Up-to-date symlink: /home/benja/turtlebot3_ws/install/turtlebot3_manipulation_gazebo/share/turtlebot3_manipulation_gazebo/models/turtlebot3_home_service_challenge/marker1/model.sdf
[2.535s] -- Up-to-date symlink: /home/benja/turtlebot3_ws/install/turtlebot3_manipulation_gazebo/share/turtlebot3_manipulation_gazebo/models/turtlebot3_home_service_challenge/marker2/materials/textures/Marker2.png
[2.537s] -- Up-to-date symlink: /home/benja/turtlebot3_ws/install/turtlebot3_manipulation_gazebo/share/turtlebot3_manipulation_gazebo/models/turtlebot3_home_service_challenge/marker2/meshes/Marker2.dae
[2.538s] -- Up-to-date symlink: /home/benja/turtlebot3_ws/install/turtlebot3_manipulation_gazebo/share/turtlebot3_manipulation_gazebo/models/turtlebot3_home_service_challenge/marker2/model-1_4.sdf
[2.539s] -- Up-to-date symlink: /home/benja/turtlebot3_ws/install/turtlebot3_manipulation_gazebo/share/turtlebot3_manipulation_gazebo/models/turtlebot3_home_service_challenge/marker2/model-1_5.sdf
[2.540s] -- Up-to-date symlink: /home/benja/turtlebot3_ws/install/turtlebot3_manipulation_gazebo/share/turtlebot3_manipulation_gazebo/models/turtlebot3_home_service_challenge/marker2/model.config
[2.540s] -- Up-to-date symlink: /home/benja/turtlebot3_ws/install/turtlebot3_manipulation_gazebo/share/turtlebot3_manipulation_gazebo/models/turtlebot3_home_service_challenge/marker2/model.sdf
[2.541s] -- Up-to-date symlink: /home/benja/turtlebot3_ws/install/turtlebot3_manipulation_gazebo/share/turtlebot3_manipulation_gazebo/models/turtlebot3_home_service_challenge/marker3/materials/textures/Marker3.png
[2.541s] -- Up-to-date symlink: /home/benja/turtlebot3_ws/install/turtlebot3_manipulation_gazebo/share/turtlebot3_manipulation_gazebo/models/turtlebot3_home_service_challenge/marker3/meshes/Marker3.dae
[2.541s] -- Up-to-date symlink: /home/benja/turtlebot3_ws/install/turtlebot3_manipulation_gazebo/share/turtlebot3_manipulation_gazebo/models/turtlebot3_home_service_challenge/marker3/model-1_4.sdf
[2.541s] -- Up-to-date symlink: /home/benja/turtlebot3_ws/install/turtlebot3_manipulation_gazebo/share/turtlebot3_manipulation_gazebo/models/turtlebot3_home_service_challenge/marker3/model-1_5.sdf
[2.542s] -- Up-to-date symlink: /home/benja/turtlebot3_ws/install/turtlebot3_manipulation_gazebo/share/turtlebot3_manipulation_gazebo/models/turtlebot3_home_service_challenge/marker3/model.config
[2.551s] -- Up-to-date symlink: /home/benja/turtlebot3_ws/install/turtlebot3_manipulation_gazebo/share/turtlebot3_manipulation_gazebo/models/turtlebot3_home_service_challenge/marker3/model.sdf
[2.554s] -- Up-to-date symlink: /home/benja/turtlebot3_ws/install/turtlebot3_manipulation_gazebo/share/turtlebot3_manipulation_gazebo/models/turtlebot3_home_service_challenge/marker4/materials/textures/Marker4.png
[2.558s] -- Up-to-date symlink: /home/benja/turtlebot3_ws/install/turtlebot3_manipulation_gazebo/share/turtlebot3_manipulation_gazebo/models/turtlebot3_home_service_challenge/marker4/meshes/Marker4.dae
[2.559s] -- Up-to-date symlink: /home/benja/turtlebot3_ws/install/turtlebot3_manipulation_gazebo/share/turtlebot3_manipulation_gazebo/models/turtlebot3_home_service_challenge/marker4/model-1_4.sdf
[2.560s] -- Up-to-date symlink: /home/benja/turtlebot3_ws/install/turtlebot3_manipulation_gazebo/share/turtlebot3_manipulation_gazebo/models/turtlebot3_home_service_challenge/marker4/model-1_5.sdf
[2.564s] -- Up-to-date symlink: /home/benja/turtlebot3_ws/install/turtlebot3_manipulation_gazebo/share/turtlebot3_manipulation_gazebo/models/turtlebot3_home_service_challenge/marker4/model.config
[2.565s] -- Up-to-date symlink: /home/benja/turtlebot3_ws/install/turtlebot3_manipulation_gazebo/share/turtlebot3_manipulation_gazebo/models/turtlebot3_home_service_challenge/marker4/model.sdf
[2.567s] -- Up-to-date symlink: /home/benja/turtlebot3_ws/install/turtlebot3_manipulation_gazebo/share/turtlebot3_manipulation_gazebo/models/turtlebot3_home_service_challenge/marker5/materials/textures/Marker5.png
[2.568s] -- Up-to-date symlink: /home/benja/turtlebot3_ws/install/turtlebot3_manipulation_gazebo/share/turtlebot3_manipulation_gazebo/models/turtlebot3_home_service_challenge/marker5/meshes/Marker5.dae
[2.574s] -- Up-to-date symlink: /home/benja/turtlebot3_ws/install/turtlebot3_manipulation_gazebo/share/turtlebot3_manipulation_gazebo/models/turtlebot3_home_service_challenge/marker5/model-1_4.sdf
[2.575s] -- Up-to-date symlink: /home/benja/turtlebot3_ws/install/turtlebot3_manipulation_gazebo/share/turtlebot3_manipulation_gazebo/models/turtlebot3_home_service_challenge/marker5/model-1_5.sdf
[2.576s] -- Up-to-date symlink: /home/benja/turtlebot3_ws/install/turtlebot3_manipulation_gazebo/share/turtlebot3_manipulation_gazebo/models/turtlebot3_home_service_challenge/marker5/model.config
[2.589s] -- Up-to-date symlink: /home/benja/turtlebot3_ws/install/turtlebot3_manipulation_gazebo/share/turtlebot3_manipulation_gazebo/models/turtlebot3_home_service_challenge/marker5/model.sdf
[2.589s] -- Up-to-date symlink: /home/benja/turtlebot3_ws/install/turtlebot3_manipulation_gazebo/share/turtlebot3_manipulation_gazebo/models/turtlebot3_home_service_challenge/marker6/materials/textures/Marker6.png
[2.590s] -- Up-to-date symlink: /home/benja/turtlebot3_ws/install/turtlebot3_manipulation_gazebo/share/turtlebot3_manipulation_gazebo/models/turtlebot3_home_service_challenge/marker6/meshes/Marker6.dae
[2.590s] -- Up-to-date symlink: /home/benja/turtlebot3_ws/install/turtlebot3_manipulation_gazebo/share/turtlebot3_manipulation_gazebo/models/turtlebot3_home_service_challenge/marker6/model-1_4.sdf
[2.592s] -- Up-to-date symlink: /home/benja/turtlebot3_ws/install/turtlebot3_manipulation_gazebo/share/turtlebot3_manipulation_gazebo/models/turtlebot3_home_service_challenge/marker6/model-1_5.sdf
[2.592s] -- Up-to-date symlink: /home/benja/turtlebot3_ws/install/turtlebot3_manipulation_gazebo/share/turtlebot3_manipulation_gazebo/models/turtlebot3_home_service_challenge/marker6/model.config
[2.593s] -- Up-to-date symlink: /home/benja/turtlebot3_ws/install/turtlebot3_manipulation_gazebo/share/turtlebot3_manipulation_gazebo/models/turtlebot3_home_service_challenge/marker6/model.sdf
[2.593s] -- Up-to-date symlink: /home/benja/turtlebot3_ws/install/turtlebot3_manipulation_gazebo/share/turtlebot3_manipulation_gazebo/models/turtlebot3_home_service_challenge/marker7/materials/textures/Marker7.png
[2.599s] -- Up-to-date symlink: /home/benja/turtlebot3_ws/install/turtlebot3_manipulation_gazebo/share/turtlebot3_manipulation_gazebo/models/turtlebot3_home_service_challenge/marker7/meshes/Marker7.dae
[2.599s] -- Up-to-date symlink: /home/benja/turtlebot3_ws/install/turtlebot3_manipulation_gazebo/share/turtlebot3_manipulation_gazebo/models/turtlebot3_home_service_challenge/marker7/model-1_4.sdf
[2.618s] -- Up-to-date symlink: /home/benja/turtlebot3_ws/install/turtlebot3_manipulation_gazebo/share/turtlebot3_manipulation_gazebo/models/turtlebot3_home_service_challenge/marker7/model-1_5.sdf
[2.619s] -- Up-to-date symlink: /home/benja/turtlebot3_ws/install/turtlebot3_manipulation_gazebo/share/turtlebot3_manipulation_gazebo/models/turtlebot3_home_service_challenge/marker7/model.config
[2.621s] -- Up-to-date symlink: /home/benja/turtlebot3_ws/install/turtlebot3_manipulation_gazebo/share/turtlebot3_manipulation_gazebo/models/turtlebot3_home_service_challenge/marker7/model.sdf
[2.621s] -- Up-to-date symlink: /home/benja/turtlebot3_ws/install/turtlebot3_manipulation_gazebo/share/turtlebot3_manipulation_gazebo/models/turtlebot3_home_service_challenge/marker8/materials/textures/Marker8.png
[2.636s] -- Up-to-date symlink: /home/benja/turtlebot3_ws/install/turtlebot3_manipulation_gazebo/share/turtlebot3_manipulation_gazebo/models/turtlebot3_home_service_challenge/marker8/meshes/Marker8.dae
[2.637s] -- Up-to-date symlink: /home/benja/turtlebot3_ws/install/turtlebot3_manipulation_gazebo/share/turtlebot3_manipulation_gazebo/models/turtlebot3_home_service_challenge/marker8/model-1_4.sdf
[2.637s] -- Up-to-date symlink: /home/benja/turtlebot3_ws/install/turtlebot3_manipulation_gazebo/share/turtlebot3_manipulation_gazebo/models/turtlebot3_home_service_challenge/marker8/model-1_5.sdf
[2.637s] -- Up-to-date symlink: /home/benja/turtlebot3_ws/install/turtlebot3_manipulation_gazebo/share/turtlebot3_manipulation_gazebo/models/turtlebot3_home_service_challenge/marker8/model.config
[2.638s] -- Up-to-date symlink: /home/benja/turtlebot3_ws/install/turtlebot3_manipulation_gazebo/share/turtlebot3_manipulation_gazebo/models/turtlebot3_home_service_challenge/marker8/model.sdf
[2.639s] -- Up-to-date symlink: /home/benja/turtlebot3_ws/install/turtlebot3_manipulation_gazebo/share/turtlebot3_manipulation_gazebo/models/turtlebot3_home_service_challenge/marker9/materials/textures/Marker9.png
[2.640s] -- Up-to-date symlink: /home/benja/turtlebot3_ws/install/turtlebot3_manipulation_gazebo/share/turtlebot3_manipulation_gazebo/models/turtlebot3_home_service_challenge/marker9/meshes/Marker9.dae
[2.640s] -- Up-to-date symlink: /home/benja/turtlebot3_ws/install/turtlebot3_manipulation_gazebo/share/turtlebot3_manipulation_gazebo/models/turtlebot3_home_service_challenge/marker9/model-1_4.sdf
[2.640s] -- Up-to-date symlink: /home/benja/turtlebot3_ws/install/turtlebot3_manipulation_gazebo/share/turtlebot3_manipulation_gazebo/models/turtlebot3_home_service_challenge/marker9/model-1_5.sdf
[2.642s] -- Up-to-date symlink: /home/benja/turtlebot3_ws/install/turtlebot3_manipulation_gazebo/share/turtlebot3_manipulation_gazebo/models/turtlebot3_home_service_challenge/marker9/model.config
[2.650s] -- Up-to-date symlink: /home/benja/turtlebot3_ws/install/turtlebot3_manipulation_gazebo/share/turtlebot3_manipulation_gazebo/models/turtlebot3_home_service_challenge/marker9/model.sdf
[2.650s] -- Up-to-date symlink: /home/benja/turtlebot3_ws/install/turtlebot3_manipulation_gazebo/share/turtlebot3_manipulation_gazebo/meshes/open_manipulator_x/gripper_left_palm.stl
[2.663s] -- Up-to-date symlink: /home/benja/turtlebot3_ws/install/turtlebot3_manipulation_gazebo/share/turtlebot3_manipulation_gazebo/meshes/open_manipulator_x/gripper_right_palm.stl
[2.663s] -- Up-to-date symlink: /home/benja/turtlebot3_ws/install/turtlebot3_manipulation_gazebo/share/turtlebot3_manipulation_gazebo/meshes/open_manipulator_x/link1.stl
[2.664s] -- Up-to-date symlink: /home/benja/turtlebot3_ws/install/turtlebot3_manipulation_gazebo/share/turtlebot3_manipulation_gazebo/meshes/open_manipulator_x/link2.stl
[2.665s] -- Up-to-date symlink: /home/benja/turtlebot3_ws/install/turtlebot3_manipulation_gazebo/share/turtlebot3_manipulation_gazebo/meshes/open_manipulator_x/link3.stl
[2.666s] -- Up-to-date symlink: /home/benja/turtlebot3_ws/install/turtlebot3_manipulation_gazebo/share/turtlebot3_manipulation_gazebo/meshes/open_manipulator_x/link4.stl
[2.677s] -- Up-to-date symlink: /home/benja/turtlebot3_ws/install/turtlebot3_manipulation_gazebo/share/turtlebot3_manipulation_gazebo/meshes/open_manipulator_x/link5.stl
[2.678s] -- Up-to-date symlink: /home/benja/turtlebot3_ws/install/turtlebot3_manipulation_gazebo/share/turtlebot3_manipulation_gazebo/meshes/turtlebot3_waffle_pi/base.stl
[2.678s] -- Up-to-date symlink: /home/benja/turtlebot3_ws/install/turtlebot3_manipulation_gazebo/share/turtlebot3_manipulation_gazebo/meshes/turtlebot3_waffle_pi/ladar.stl
[2.678s] -- Up-to-date symlink: /home/benja/turtlebot3_ws/install/turtlebot3_manipulation_gazebo/share/turtlebot3_manipulation_gazebo/meshes/turtlebot3_waffle_pi/left_tire.stl
[2.679s] -- Up-to-date symlink: /home/benja/turtlebot3_ws/install/turtlebot3_manipulation_gazebo/share/turtlebot3_manipulation_gazebo/meshes/turtlebot3_waffle_pi/right_tire.stl
[2.679s] -- Up-to-date symlink: /home/benja/turtlebot3_ws/install/turtlebot3_manipulation_gazebo/share/ament_index/resource_index/package_run_dependencies/turtlebot3_manipulation_gazebo
[2.679s] -- Up-to-date symlink: /home/benja/turtlebot3_ws/install/turtlebot3_manipulation_gazebo/share/ament_index/resource_index/parent_prefix_path/turtlebot3_manipulation_gazebo
[2.679s] -- Up-to-date symlink: /home/benja/turtlebot3_ws/install/turtlebot3_manipulation_gazebo/share/turtlebot3_manipulation_gazebo/environment/ament_prefix_path.sh
[2.680s] -- Up-to-date symlink: /home/benja/turtlebot3_ws/install/turtlebot3_manipulation_gazebo/share/turtlebot3_manipulation_gazebo/environment/ament_prefix_path.dsv
[2.680s] -- Up-to-date symlink: /home/benja/turtlebot3_ws/install/turtlebot3_manipulation_gazebo/share/turtlebot3_manipulation_gazebo/environment/path.sh
[2.680s] -- Up-to-date symlink: /home/benja/turtlebot3_ws/install/turtlebot3_manipulation_gazebo/share/turtlebot3_manipulation_gazebo/environment/path.dsv
[2.681s] -- Up-to-date symlink: /home/benja/turtlebot3_ws/install/turtlebot3_manipulation_gazebo/share/turtlebot3_manipulation_gazebo/local_setup.bash
[2.681s] -- Up-to-date symlink: /home/benja/turtlebot3_ws/install/turtlebot3_manipulation_gazebo/share/turtlebot3_manipulation_gazebo/local_setup.sh
[2.684s] -- Up-to-date symlink: /home/benja/turtlebot3_ws/install/turtlebot3_manipulation_gazebo/share/turtlebot3_manipulation_gazebo/local_setup.zsh
[2.688s] -- Up-to-date symlink: /home/benja/turtlebot3_ws/install/turtlebot3_manipulation_gazebo/share/turtlebot3_manipulation_gazebo/local_setup.dsv
[2.690s] -- Symlinking: /home/benja/turtlebot3_ws/install/turtlebot3_manipulation_gazebo/share/turtlebot3_manipulation_gazebo/package.dsv
[2.738s] -- Up-to-date symlink: /home/benja/turtlebot3_ws/install/turtlebot3_manipulation_gazebo/share/ament_index/resource_index/packages/turtlebot3_manipulation_gazebo
[2.739s] -- Up-to-date symlink: /home/benja/turtlebot3_ws/install/turtlebot3_manipulation_gazebo/share/turtlebot3_manipulation_gazebo/cmake/turtlebot3_manipulation_gazeboConfig.cmake
[2.740s] -- Up-to-date symlink: /home/benja/turtlebot3_ws/install/turtlebot3_manipulation_gazebo/share/turtlebot3_manipulation_gazebo/cmake/turtlebot3_manipulation_gazeboConfig-version.cmake
[2.742s] -- Up-to-date symlink: /home/benja/turtlebot3_ws/install/turtlebot3_manipulation_gazebo/share/turtlebot3_manipulation_gazebo/package.xml
[2.999s] Invoked command in '/home/benja/turtlebot3_ws/build/turtlebot3_manipulation_gazebo' returned '0': CMAKE_PREFIX_PATH=${CMAKE_PREFIX_PATH}:/home/benja/turtlebot3_ws/install/turtlebot3_teleop:/home/benja/turtlebot3_ws/install/turtlebot3_example:/opt/ros/humble /usr/bin/cmake --install /home/benja/turtlebot3_ws/build/turtlebot3_manipulation_gazebo
